{"numFailedTestSuites":0,"numFailedTests":0,"numPassedTestSuites":2,"numPassedTests":30,"numPendingTestSuites":0,"numPendingTests":0,"numRuntimeErrorTestSuites":0,"numTodoTests":0,"numTotalTestSuites":2,"numTotalTests":30,"openHandles":[],"snapshot":{"added":0,"didUpdate":false,"failure":false,"filesAdded":0,"filesRemoved":0,"filesRemovedList":[],"filesUnmatched":0,"filesUpdated":0,"matched":0,"total":0,"unchecked":0,"uncheckedKeysByFile":[],"unmatched":0,"updated":0},"startTime":1762838721932,"success":true,"testResults":[{"assertionResults":[{"ancestorTitles":["Server API Tests"],"duration":52,"failing":false,"failureDetails":[],"failureMessages":[],"fullName":"Server API Tests GET /api/health should return OK status","invocations":1,"location":null,"numPassingAsserts":3,"retryReasons":[],"startAt":1762838723343,"status":"passed","title":"GET /api/health should return OK status"},{"ancestorTitles":["Server API Tests"],"duration":15,"failing":false,"failureDetails":[],"failureMessages":[],"fullName":"Server API Tests GET /api/friends should return friends array","invocations":1,"location":null,"numPassingAsserts":2,"retryReasons":[],"startAt":1762838723396,"status":"passed","title":"GET /api/friends should return friends array"},{"ancestorTitles":["Server API Tests"],"duration":6,"failing":false,"failureDetails":[],"failureMessages":[],"fullName":"Server API Tests GET /api/friends/harsh should return specific friend","invocations":1,"location":null,"numPassingAsserts":3,"retryReasons":[],"startAt":1762838723411,"status":"passed","title":"GET /api/friends/harsh should return specific friend"},{"ancestorTitles":["Server API Tests"],"duration":6,"failing":false,"failureDetails":[],"failureMessages":[],"fullName":"Server API Tests GET /api/friends/nonexistent should return 404","invocations":1,"location":null,"numPassingAsserts":1,"retryReasons":[],"startAt":1762838723417,"status":"passed","title":"GET /api/friends/nonexistent should return 404"},{"ancestorTitles":["Server API Tests"],"duration":9,"failing":false,"failureDetails":[],"failureMessages":[],"fullName":"Server API Tests GET / should serve index.html","invocations":1,"location":null,"numPassingAsserts":1,"retryReasons":[],"startAt":1762838723423,"status":"passed","title":"GET / should serve index.html"}],"endTime":1762838723433,"message":"","name":"D:\\IMPORTATS\\2024 walle pals\\tests\\server.test.js","startTime":1762838722360,"status":"passed","summary":""},{"assertionResults":[{"ancestorTitles":["2024 Walle Pals - E2E Integration Tests","🏥 Health & Status Checks"],"duration":59,"failing":false,"failureDetails":[],"failureMessages":[],"fullName":"2024 Walle Pals - E2E Integration Tests 🏥 Health & Status Checks Server should return health status with all required fields","invocations":1,"location":null,"numPassingAsserts":5,"retryReasons":[],"startAt":1762838723362,"status":"passed","title":"Server should return health status with all required fields"},{"ancestorTitles":["2024 Walle Pals - E2E Integration Tests","🏥 Health & Status Checks"],"duration":6,"failing":false,"failureDetails":[],"failureMessages":[],"fullName":"2024 Walle Pals - E2E Integration Tests 🏥 Health & Status Checks Server uptime should be a valid number","invocations":1,"location":null,"numPassingAsserts":1,"retryReasons":[],"startAt":1762838723422,"status":"passed","title":"Server uptime should be a valid number"},{"ancestorTitles":["2024 Walle Pals - E2E Integration Tests","👥 Friends List Management"],"duration":10,"failing":false,"failureDetails":[],"failureMessages":[],"fullName":"2024 Walle Pals - E2E Integration Tests 👥 Friends List Management GET /api/friends should return array of friends","invocations":1,"location":null,"numPassingAsserts":2,"retryReasons":[],"startAt":1762838723428,"status":"passed","title":"GET /api/friends should return array of friends"},{"ancestorTitles":["2024 Walle Pals - E2E Integration Tests","👥 Friends List Management"],"duration":6,"failing":false,"failureDetails":[],"failureMessages":[],"fullName":"2024 Walle Pals - E2E Integration Tests 👥 Friends List Management Each friend should have required properties","invocations":1,"location":null,"numPassingAsserts":2,"retryReasons":[],"startAt":1762838723438,"status":"passed","title":"Each friend should have required properties"},{"ancestorTitles":["2024 Walle Pals - E2E Integration Tests","👥 Friends List Management"],"duration":7,"failing":false,"failureDetails":[],"failureMessages":[],"fullName":"2024 Walle Pals - E2E Integration Tests 👥 Friends List Management Friends list should contain at least 30 friends","invocations":1,"location":null,"numPassingAsserts":1,"retryReasons":[],"startAt":1762838723444,"status":"passed","title":"Friends list should contain at least 30 friends"},{"ancestorTitles":["2024 Walle Pals - E2E Integration Tests","👥 Friends List Management"],"duration":8,"failing":false,"failureDetails":[],"failureMessages":[],"fullName":"2024 Walle Pals - E2E Integration Tests 👥 Friends List Management Each friend name should be a string","invocations":1,"location":null,"numPassingAsserts":60,"retryReasons":[],"startAt":1762838723451,"status":"passed","title":"Each friend name should be a string"},{"ancestorTitles":["2024 Walle Pals - E2E Integration Tests","🔍 Individual Friend Lookup"],"duration":5,"failing":false,"failureDetails":[],"failureMessages":[],"fullName":"2024 Walle Pals - E2E Integration Tests 🔍 Individual Friend Lookup Should return specific friend by ID (harsh)","invocations":1,"location":null,"numPassingAsserts":4,"retryReasons":[],"startAt":1762838723459,"status":"passed","title":"Should return specific friend by ID (harsh)"},{"ancestorTitles":["2024 Walle Pals - E2E Integration Tests","🔍 Individual Friend Lookup"],"duration":6,"failing":false,"failureDetails":[],"failureMessages":[],"fullName":"2024 Walle Pals - E2E Integration Tests 🔍 Individual Friend Lookup Friend should have complete profile data","invocations":1,"location":null,"numPassingAsserts":4,"retryReasons":[],"startAt":1762838723464,"status":"passed","title":"Friend should have complete profile data"},{"ancestorTitles":["2024 Walle Pals - E2E Integration Tests","🔍 Individual Friend Lookup"],"duration":5,"failing":false,"failureDetails":[],"failureMessages":[],"fullName":"2024 Walle Pals - E2E Integration Tests 🔍 Individual Friend Lookup Non-existent friend should return 404","invocations":1,"location":null,"numPassingAsserts":2,"retryReasons":[],"startAt":1762838723471,"status":"passed","title":"Non-existent friend should return 404"},{"ancestorTitles":["2024 Walle Pals - E2E Integration Tests","🔍 Individual Friend Lookup"],"duration":5,"failing":false,"failureDetails":[],"failureMessages":[],"fullName":"2024 Walle Pals - E2E Integration Tests 🔍 Individual Friend Lookup 404 response should have proper error structure","invocations":1,"location":null,"numPassingAsserts":2,"retryReasons":[],"startAt":1762838723476,"status":"passed","title":"404 response should have proper error structure"},{"ancestorTitles":["2024 Walle Pals - E2E Integration Tests","🏠 Static File Serving"],"duration":6,"failing":false,"failureDetails":[],"failureMessages":[],"fullName":"2024 Walle Pals - E2E Integration Tests 🏠 Static File Serving Root URL should serve index.html","invocations":1,"location":null,"numPassingAsserts":1,"retryReasons":[],"startAt":1762838723482,"status":"passed","title":"Root URL should serve index.html"},{"ancestorTitles":["2024 Walle Pals - E2E Integration Tests","🏠 Static File Serving"],"duration":5,"failing":false,"failureDetails":[],"failureMessages":[],"fullName":"2024 Walle Pals - E2E Integration Tests 🏠 Static File Serving Index.html should contain main page title","invocations":1,"location":null,"numPassingAsserts":1,"retryReasons":[],"startAt":1762838723488,"status":"passed","title":"Index.html should contain main page title"},{"ancestorTitles":["2024 Walle Pals - E2E Integration Tests","🏠 Static File Serving"],"duration":5,"failing":false,"failureDetails":[],"failureMessages":[],"fullName":"2024 Walle Pals - E2E Integration Tests 🏠 Static File Serving Response should have correct content type","invocations":1,"location":null,"numPassingAsserts":1,"retryReasons":[],"startAt":1762838723494,"status":"passed","title":"Response should have correct content type"},{"ancestorTitles":["2024 Walle Pals - E2E Integration Tests","🔐 Security Headers"],"duration":3,"failing":false,"failureDetails":[],"failureMessages":[],"fullName":"2024 Walle Pals - E2E Integration Tests 🔐 Security Headers Response should include security headers","invocations":1,"location":null,"numPassingAsserts":1,"retryReasons":[],"startAt":1762838723499,"status":"passed","title":"Response should include security headers"},{"ancestorTitles":["2024 Walle Pals - E2E Integration Tests","🔐 Security Headers"],"duration":3,"failing":false,"failureDetails":[],"failureMessages":[],"fullName":"2024 Walle Pals - E2E Integration Tests 🔐 Security Headers CORS should be enabled","invocations":1,"location":null,"numPassingAsserts":1,"retryReasons":[],"startAt":1762838723502,"status":"passed","title":"CORS should be enabled"},{"ancestorTitles":["2024 Walle Pals - E2E Integration Tests","⚡ Performance Checks"],"duration":3,"failing":false,"failureDetails":[],"failureMessages":[],"fullName":"2024 Walle Pals - E2E Integration Tests ⚡ Performance Checks Health check should respond quickly (< 100ms)","invocations":1,"location":null,"numPassingAsserts":1,"retryReasons":[],"startAt":1762838723505,"status":"passed","title":"Health check should respond quickly (< 100ms)"},{"ancestorTitles":["2024 Walle Pals - E2E Integration Tests","⚡ Performance Checks"],"duration":5,"failing":false,"failureDetails":[],"failureMessages":[],"fullName":"2024 Walle Pals - E2E Integration Tests ⚡ Performance Checks Friends list should respond quickly (< 200ms)","invocations":1,"location":null,"numPassingAsserts":1,"retryReasons":[],"startAt":1762838723508,"status":"passed","title":"Friends list should respond quickly (< 200ms)"},{"ancestorTitles":["2024 Walle Pals - E2E Integration Tests","📊 Data Consistency"],"duration":8,"failing":false,"failureDetails":[],"failureMessages":[],"fullName":"2024 Walle Pals - E2E Integration Tests 📊 Data Consistency Friends list should be consistent across requests","invocations":1,"location":null,"numPassingAsserts":2,"retryReasons":[],"startAt":1762838723514,"status":"passed","title":"Friends list should be consistent across requests"},{"ancestorTitles":["2024 Walle Pals - E2E Integration Tests","📊 Data Consistency"],"duration":8,"failing":false,"failureDetails":[],"failureMessages":[],"fullName":"2024 Walle Pals - E2E Integration Tests 📊 Data Consistency Friend data should remain consistent","invocations":1,"location":null,"numPassingAsserts":2,"retryReasons":[],"startAt":1762838723522,"status":"passed","title":"Friend data should remain consistent"},{"ancestorTitles":["2024 Walle Pals - E2E Integration Tests","🔄 HTTP Methods & Status Codes"],"duration":13,"failing":false,"failureDetails":[],"failureMessages":[],"fullName":"2024 Walle Pals - E2E Integration Tests 🔄 HTTP Methods & Status Codes Valid GET requests should return 200","invocations":1,"location":null,"numPassingAsserts":4,"retryReasons":[],"startAt":1762838723531,"status":"passed","title":"Valid GET requests should return 200"},{"ancestorTitles":["2024 Walle Pals - E2E Integration Tests","🔄 HTTP Methods & Status Codes"],"duration":5,"failing":false,"failureDetails":[],"failureMessages":[],"fullName":"2024 Walle Pals - E2E Integration Tests 🔄 HTTP Methods & Status Codes Invalid endpoints should return 404","invocations":1,"location":null,"numPassingAsserts":1,"retryReasons":[],"startAt":1762838723544,"status":"passed","title":"Invalid endpoints should return 404"},{"ancestorTitles":["2024 Walle Pals - E2E Integration Tests","📝 Response Format Validation"],"duration":4,"failing":false,"failureDetails":[],"failureMessages":[],"fullName":"2024 Walle Pals - E2E Integration Tests 📝 Response Format Validation API responses should return valid JSON","invocations":1,"location":null,"numPassingAsserts":1,"retryReasons":[],"startAt":1762838723549,"status":"passed","title":"API responses should return valid JSON"},{"ancestorTitles":["2024 Walle Pals - E2E Integration Tests","📝 Response Format Validation"],"duration":6,"failing":false,"failureDetails":[],"failureMessages":[],"fullName":"2024 Walle Pals - E2E Integration Tests 📝 Response Format Validation Friends array should contain valid objects","invocations":1,"location":null,"numPassingAsserts":60,"retryReasons":[],"startAt":1762838723553,"status":"passed","title":"Friends array should contain valid objects"},{"ancestorTitles":["2024 Walle Pals - E2E Integration Tests","🎯 Feature Validation"],"duration":6,"failing":false,"failureDetails":[],"failureMessages":[],"fullName":"2024 Walle Pals - E2E Integration Tests 🎯 Feature Validation Friend access should work with friend name as ID","invocations":1,"location":null,"numPassingAsserts":1,"retryReasons":[],"startAt":1762838723560,"status":"passed","title":"Friend access should work with friend name as ID"},{"ancestorTitles":["2024 Walle Pals - E2E Integration Tests","🎯 Feature Validation"],"duration":3,"failing":false,"failureDetails":[],"failureMessages":[],"fullName":"2024 Walle Pals - E2E Integration Tests 🎯 Feature Validation Friends should have meaningful bio content","invocations":1,"location":null,"numPassingAsserts":2,"retryReasons":[],"startAt":1762838723566,"status":"passed","title":"Friends should have meaningful bio content"}],"endTime":1762838723570,"message":"","name":"D:\\IMPORTATS\\2024 walle pals\\tests\\e2e.test.js","startTime":1762838722359,"status":"passed","summary":""}],"wasInterrupted":false}
